09:52:05.518 [main] INFO  com.thtf.flowable.FlowableApplication - Starting FlowableApplication on PC-202007060852 with PID 10200 (C:\Users\Administrator\Desktop\thtf-admin\thtf-projects\thtf-flowable\target\classes started by Administrator in C:\Users\Administrator\Desktop\thtf-admin)
09:52:05.536 [main] INFO  com.thtf.flowable.FlowableApplication - The following profiles are active: dev
09:52:06.486 [main] INFO  com.ulisesbocchio.jasyptspringboot.configuration.EnableEncryptablePropertiesBeanFactoryPostProcessor - Post-processing PropertySource instances
09:52:06.531 [main] INFO  com.ulisesbocchio.jasyptspringboot.EncryptablePropertySourceConverter - Converting PropertySource configurationProperties [org.springframework.boot.context.properties.source.ConfigurationPropertySourcesPropertySource] to AOP Proxy
09:52:06.532 [main] INFO  com.ulisesbocchio.jasyptspringboot.EncryptablePropertySourceConverter - Converting PropertySource commandLineArgs [org.springframework.core.env.SimpleCommandLinePropertySource] to EncryptableEnumerablePropertySourceWrapper
09:52:06.533 [main] INFO  com.ulisesbocchio.jasyptspringboot.EncryptablePropertySourceConverter - Converting PropertySource servletConfigInitParams [org.springframework.core.env.PropertySource$StubPropertySource] to EncryptablePropertySourceWrapper
09:52:06.533 [main] INFO  com.ulisesbocchio.jasyptspringboot.EncryptablePropertySourceConverter - Converting PropertySource servletContextInitParams [org.springframework.core.env.PropertySource$StubPropertySource] to EncryptablePropertySourceWrapper
09:52:06.533 [main] INFO  com.ulisesbocchio.jasyptspringboot.EncryptablePropertySourceConverter - Converting PropertySource systemProperties [org.springframework.core.env.PropertiesPropertySource] to EncryptableMapPropertySourceWrapper
09:52:06.533 [main] INFO  com.ulisesbocchio.jasyptspringboot.EncryptablePropertySourceConverter - Converting PropertySource systemEnvironment [org.springframework.boot.env.SystemEnvironmentPropertySourceEnvironmentPostProcessor$OriginAwareSystemEnvironmentPropertySource] to EncryptableMapPropertySourceWrapper
09:52:06.533 [main] INFO  com.ulisesbocchio.jasyptspringboot.EncryptablePropertySourceConverter - Converting PropertySource random [org.springframework.boot.env.RandomValuePropertySource] to EncryptablePropertySourceWrapper
09:52:06.533 [main] INFO  com.ulisesbocchio.jasyptspringboot.EncryptablePropertySourceConverter - Converting PropertySource applicationConfig: [classpath:/application-dev.yml] [org.springframework.boot.env.OriginTrackedMapPropertySource] to EncryptableMapPropertySourceWrapper
09:52:06.534 [main] INFO  com.ulisesbocchio.jasyptspringboot.EncryptablePropertySourceConverter - Converting PropertySource applicationConfig: [classpath:/application.yml] [org.springframework.boot.env.OriginTrackedMapPropertySource] to EncryptableMapPropertySourceWrapper
09:52:06.534 [main] INFO  com.ulisesbocchio.jasyptspringboot.EncryptablePropertySourceConverter - Converting PropertySource flowable-liquibase-override [org.springframework.core.env.MapPropertySource] to EncryptableMapPropertySourceWrapper
09:52:06.534 [main] INFO  com.ulisesbocchio.jasyptspringboot.EncryptablePropertySourceConverter - Converting PropertySource class path resource [jwt.properties] [org.springframework.core.io.support.ResourcePropertySource] to EncryptableMapPropertySourceWrapper
09:52:06.565 [main] INFO  com.ulisesbocchio.jasyptspringboot.filter.DefaultLazyPropertyFilter - Property Filter custom Bean not found with name 'encryptablePropertyFilter'. Initializing Default Property Filter
09:52:06.679 [main] INFO  com.ulisesbocchio.jasyptspringboot.resolver.DefaultLazyPropertyResolver - Property Resolver custom Bean not found with name 'encryptablePropertyResolver'. Initializing Default Property Resolver
09:52:06.680 [main] INFO  com.ulisesbocchio.jasyptspringboot.detector.DefaultLazyPropertyDetector - Property Detector custom Bean not found with name 'encryptablePropertyDetector'. Initializing Default Property Detector
09:52:06.853 [main] INFO  org.apache.coyote.http11.Http11NioProtocol - Initializing ProtocolHandler ["http-nio-8002"]
09:52:06.860 [main] INFO  org.apache.catalina.core.StandardService - Starting service [Tomcat]
09:52:06.861 [main] INFO  org.apache.catalina.core.StandardEngine - Starting Servlet engine: [Apache Tomcat/9.0.24]
09:52:06.950 [main] INFO  org.apache.catalina.core.ContainerBase.[Tomcat].[localhost].[/flowable-manager] - Initializing Spring embedded WebApplicationContext
09:52:07.647 [main] INFO  org.flowable.spring.boot.cmmn.CmmnEngineAutoConfiguration$$EnhancerBySpringCGLIB$$ab894f0e - No deployment resources were found for autodeployment
09:52:07.716 [main] INFO  org.flowable.spring.boot.dmn.DmnEngineAutoConfiguration$$EnhancerBySpringCGLIB$$30a9100 - No deployment resources were found for autodeployment
09:52:07.751 [main] INFO  org.flowable.spring.boot.form.FormEngineAutoConfiguration$$EnhancerBySpringCGLIB$$47300b6e - No deployment resources were found for autodeployment
09:52:07.772 [main] INFO  org.flowable.spring.boot.app.AppEngineAutoConfiguration$$EnhancerBySpringCGLIB$$5af246c8 - No deployment resources were found for autodeployment
09:52:07.786 [main] INFO  org.flowable.app.spring.SpringAppEngineConfiguration - Found 6 Engine Configurators in total:
09:52:07.786 [main] INFO  org.flowable.app.spring.SpringAppEngineConfiguration - class org.flowable.engine.spring.configurator.SpringProcessEngineConfigurator (priority:50000)
09:52:07.786 [main] INFO  org.flowable.app.spring.SpringAppEngineConfiguration - class org.flowable.idm.spring.configurator.SpringIdmEngineConfigurator (priority:100000)
09:52:07.788 [main] INFO  org.flowable.app.spring.SpringAppEngineConfiguration - class org.flowable.dmn.spring.configurator.SpringDmnEngineConfigurator (priority:200000)
09:52:07.788 [main] INFO  org.flowable.app.spring.SpringAppEngineConfiguration - class org.flowable.form.spring.configurator.SpringFormEngineConfigurator (priority:300000)
09:52:07.788 [main] INFO  org.flowable.app.spring.SpringAppEngineConfiguration - class org.flowable.content.spring.configurator.SpringContentEngineConfigurator (priority:400000)
09:52:07.788 [main] INFO  org.flowable.app.spring.SpringAppEngineConfiguration - class org.flowable.cmmn.spring.configurator.SpringCmmnEngineConfigurator (priority:500000)
09:52:07.788 [main] INFO  org.flowable.app.spring.SpringAppEngineConfiguration - Executing beforeInit() of class org.flowable.engine.spring.configurator.SpringProcessEngineConfigurator (priority:50000)
09:52:07.792 [main] INFO  org.flowable.app.spring.SpringAppEngineConfiguration - Executing beforeInit() of class org.flowable.idm.spring.configurator.SpringIdmEngineConfigurator (priority:100000)
09:52:07.793 [main] INFO  org.flowable.app.spring.SpringAppEngineConfiguration - Executing beforeInit() of class org.flowable.dmn.spring.configurator.SpringDmnEngineConfigurator (priority:200000)
09:52:07.795 [main] INFO  org.flowable.app.spring.SpringAppEngineConfiguration - Executing beforeInit() of class org.flowable.form.spring.configurator.SpringFormEngineConfigurator (priority:300000)
09:52:07.798 [main] INFO  org.flowable.app.spring.SpringAppEngineConfiguration - Executing beforeInit() of class org.flowable.content.spring.configurator.SpringContentEngineConfigurator (priority:400000)
09:52:07.799 [main] INFO  org.flowable.app.spring.SpringAppEngineConfiguration - Executing beforeInit() of class org.flowable.cmmn.spring.configurator.SpringCmmnEngineConfigurator (priority:500000)
09:52:07.811 [main] INFO  com.zaxxer.hikari.HikariDataSource - HikariPool-1 - Starting...
09:52:07.955 [main] INFO  com.zaxxer.hikari.HikariDataSource - HikariPool-1 - Start completed.
09:52:08.861 [main] INFO  org.flowable.app.spring.SpringAppEngineConfiguration - Executing configure() of class org.flowable.engine.spring.configurator.SpringProcessEngineConfigurator (priority:50000)
09:52:09.022 [main] INFO  org.flowable.engine.impl.ProcessEngineImpl - ProcessEngine default created
09:52:09.027 [main] INFO  org.flowable.job.service.impl.asyncexecutor.AbstractAsyncExecutor - Starting up the async job executor [org.flowable.spring.job.service.SpringAsyncExecutor].
09:52:09.028 [Thread-10] INFO  org.flowable.job.service.impl.asyncexecutor.AcquireAsyncJobsDueRunnable - starting to acquire async jobs due
09:52:09.029 [Thread-11] INFO  org.flowable.job.service.impl.asyncexecutor.AcquireTimerJobsRunnable - starting to acquire async jobs due
09:52:09.029 [Thread-12] INFO  org.flowable.job.service.impl.asyncexecutor.ResetExpiredJobsRunnable - starting to reset expired jobs for engine bpmn
09:52:09.050 [main] INFO  org.flowable.engine.impl.cmd.ValidateV5EntitiesCmd - Total of v5 deployments found: 0
09:52:09.057 [main] INFO  org.flowable.app.spring.SpringAppEngineConfiguration - Executing configure() of class org.flowable.idm.spring.configurator.SpringIdmEngineConfigurator (priority:100000)
09:52:09.075 [main] INFO  org.flowable.idm.engine.impl.IdmEngineImpl - IdmEngine default created
09:52:09.076 [main] INFO  org.flowable.app.spring.SpringAppEngineConfiguration - Executing configure() of class org.flowable.dmn.spring.configurator.SpringDmnEngineConfigurator (priority:200000)
09:52:10.144 [main] INFO  liquibase.executor.jvm.JdbcExecutor - SELECT COUNT(*) FROM `thtf-flowable-db`.ACT_DMN_DATABASECHANGELOG
09:52:10.146 [main] INFO  liquibase.changelog.StandardChangeLogHistoryService - Reading from `thtf-flowable-db`.ACT_DMN_DATABASECHANGELOG
09:52:10.147 [main] INFO  liquibase.executor.jvm.JdbcExecutor - SELECT * FROM `thtf-flowable-db`.ACT_DMN_DATABASECHANGELOG ORDER BY DATEEXECUTED ASC, ORDEREXECUTED ASC
09:52:10.161 [main] INFO  org.flowable.dmn.engine.impl.DmnEngineImpl - DmnEngine default created
09:52:10.162 [main] INFO  org.flowable.app.spring.SpringAppEngineConfiguration - Executing configure() of class org.flowable.form.spring.configurator.SpringFormEngineConfigurator (priority:300000)
09:52:10.187 [main] INFO  liquibase.executor.jvm.JdbcExecutor - SELECT COUNT(*) FROM `thtf-flowable-db`.ACT_FO_DATABASECHANGELOG
09:52:10.188 [main] INFO  liquibase.changelog.StandardChangeLogHistoryService - Reading from `thtf-flowable-db`.ACT_FO_DATABASECHANGELOG
09:52:10.188 [main] INFO  liquibase.executor.jvm.JdbcExecutor - SELECT * FROM `thtf-flowable-db`.ACT_FO_DATABASECHANGELOG ORDER BY DATEEXECUTED ASC, ORDEREXECUTED ASC
09:52:10.194 [main] INFO  org.flowable.form.engine.impl.FormEngineImpl - FormEngine default created
09:52:10.195 [main] INFO  org.flowable.app.spring.SpringAppEngineConfiguration - Executing configure() of class org.flowable.content.spring.configurator.SpringContentEngineConfigurator (priority:400000)
09:52:10.199 [main] INFO  org.flowable.content.spring.SpringContentEngineConfiguration - Content file system root : C:\Users\Administrator\content
09:52:10.223 [main] INFO  liquibase.executor.jvm.JdbcExecutor - SELECT COUNT(*) FROM `thtf-flowable-db`.ACT_CO_DATABASECHANGELOG
09:52:10.225 [main] INFO  liquibase.changelog.StandardChangeLogHistoryService - Reading from `thtf-flowable-db`.ACT_CO_DATABASECHANGELOG
09:52:10.226 [main] INFO  liquibase.executor.jvm.JdbcExecutor - SELECT * FROM `thtf-flowable-db`.ACT_CO_DATABASECHANGELOG ORDER BY DATEEXECUTED ASC, ORDEREXECUTED ASC
09:52:10.229 [main] INFO  org.flowable.content.engine.impl.ContentEngineImpl - ContentEngine default created
09:52:10.230 [main] INFO  org.flowable.app.spring.SpringAppEngineConfiguration - Executing configure() of class org.flowable.cmmn.spring.configurator.SpringCmmnEngineConfigurator (priority:500000)
09:52:10.298 [main] INFO  liquibase.executor.jvm.JdbcExecutor - SELECT COUNT(*) FROM `thtf-flowable-db`.ACT_CMMN_DATABASECHANGELOG
09:52:10.299 [main] INFO  liquibase.changelog.StandardChangeLogHistoryService - Reading from `thtf-flowable-db`.ACT_CMMN_DATABASECHANGELOG
09:52:10.300 [main] INFO  liquibase.executor.jvm.JdbcExecutor - SELECT * FROM `thtf-flowable-db`.ACT_CMMN_DATABASECHANGELOG ORDER BY DATEEXECUTED ASC, ORDEREXECUTED ASC
09:52:10.317 [main] INFO  org.flowable.job.service.impl.asyncexecutor.AbstractAsyncExecutor - Starting up the async job executor [org.flowable.spring.job.service.SpringAsyncExecutor].
09:52:10.317 [main] INFO  org.flowable.cmmn.engine.impl.CmmnEngineImpl - CmmnEngine default created
09:52:10.318 [Thread-15] INFO  org.flowable.job.service.impl.asyncexecutor.AcquireAsyncJobsDueRunnable - starting to acquire async jobs due
09:52:10.318 [Thread-17] INFO  org.flowable.job.service.impl.asyncexecutor.ResetExpiredJobsRunnable - starting to reset expired jobs for engine cmmn
09:52:10.318 [Thread-16] INFO  org.flowable.job.service.impl.asyncexecutor.AcquireTimerJobsRunnable - starting to acquire async jobs due
09:52:10.335 [main] INFO  liquibase.executor.jvm.JdbcExecutor - SELECT COUNT(*) FROM `thtf-flowable-db`.ACT_APP_DATABASECHANGELOG
09:52:10.336 [main] INFO  liquibase.changelog.StandardChangeLogHistoryService - Reading from `thtf-flowable-db`.ACT_APP_DATABASECHANGELOG
09:52:10.336 [main] INFO  liquibase.executor.jvm.JdbcExecutor - SELECT * FROM `thtf-flowable-db`.ACT_APP_DATABASECHANGELOG ORDER BY DATEEXECUTED ASC, ORDEREXECUTED ASC
09:52:10.340 [main] INFO  org.flowable.app.engine.impl.AppEngineImpl - AppEngine default created
09:52:10.699 [main] INFO  springfox.documentation.spring.web.PropertySourcedRequestMappingHandlerMapping - Mapped URL path [/v2/api-docs] onto method [public org.springframework.http.ResponseEntity<springfox.documentation.spring.web.json.Json> springfox.documentation.swagger2.web.Swagger2Controller.getDocumentation(java.lang.String,javax.servlet.http.HttpServletRequest)]
09:52:10.852 [main] INFO  springfox.documentation.spring.web.plugins.DocumentationPluginsBootstrapper - Context refreshed
09:52:10.862 [main] INFO  springfox.documentation.spring.web.plugins.DocumentationPluginsBootstrapper - Found 1 custom documentation plugin(s)
09:52:10.931 [main] INFO  springfox.documentation.spring.web.scanners.ApiListingReferenceScanner - Scanning for api listing references
09:52:11.043 [main] INFO  org.apache.coyote.http11.Http11NioProtocol - Starting ProtocolHandler ["http-nio-8002"]
09:52:11.062 [main] INFO  com.thtf.flowable.FlowableApplication - Started FlowableApplication in 6.013 seconds (JVM running for 6.759)
09:52:16.850 [http-nio-8002-exec-1] INFO  org.apache.catalina.core.ContainerBase.[Tomcat].[localhost].[/flowable-manager] - Initializing Spring DispatcherServlet 'dispatcherServlet'
09:52:37.069 [http-nio-8002-exec-1] ERROR com.thtf.common.core.exception.handler.GlobalExceptionHandler - 【BusinessException】
com.thtf.common.core.exception.BusinessException: 错误代码：50004 <br/>错误信息：Flow deploy failed！
	at com.thtf.common.core.exception.ExceptionCast.cast(ExceptionCast.java:18) ~[classes/:?]
	at com.thtf.flowable.service.impl.FlowableModelServiceImpl.deployModel(FlowableModelServiceImpl.java:160) ~[classes/:?]
	at FlowableProcessModelController.deploy(FlowableModelController.java:47) ~[classes/:?]
	at sun.reflect.NativeMethodAccessorImpl.invoke0(Native Method) ~[?:1.8.0_181]
	at sun.reflect.NativeMethodAccessorImpl.invoke(NativeMethodAccessorImpl.java:62) ~[?:1.8.0_181]
	at sun.reflect.DelegatingMethodAccessorImpl.invoke(DelegatingMethodAccessorImpl.java:43) ~[?:1.8.0_181]
	at java.lang.reflect.Method.invoke(Method.java:498) ~[?:1.8.0_181]
	at org.springframework.web.method.support.InvocableHandlerMethod.doInvoke(InvocableHandlerMethod.java:190) ~[spring-web-5.1.9.RELEASE.jar:5.1.9.RELEASE]
	at org.springframework.web.method.support.InvocableHandlerMethod.invokeForRequest(InvocableHandlerMethod.java:138) ~[spring-web-5.1.9.RELEASE.jar:5.1.9.RELEASE]
	at org.springframework.web.servlet.mvc.method.annotation.ServletInvocableHandlerMethod.invokeAndHandle(ServletInvocableHandlerMethod.java:104) ~[spring-webmvc-5.1.9.RELEASE.jar:5.1.9.RELEASE]
	at org.springframework.web.servlet.mvc.method.annotation.RequestMappingHandlerAdapter.invokeHandlerMethod(RequestMappingHandlerAdapter.java:892) ~[spring-webmvc-5.1.9.RELEASE.jar:5.1.9.RELEASE]
	at org.springframework.web.servlet.mvc.method.annotation.RequestMappingHandlerAdapter.handleInternal(RequestMappingHandlerAdapter.java:797) ~[spring-webmvc-5.1.9.RELEASE.jar:5.1.9.RELEASE]
	at org.springframework.web.servlet.mvc.method.AbstractHandlerMethodAdapter.handle(AbstractHandlerMethodAdapter.java:87) ~[spring-webmvc-5.1.9.RELEASE.jar:5.1.9.RELEASE]
	at org.springframework.web.servlet.DispatcherServlet.doDispatch(DispatcherServlet.java:1039) [spring-webmvc-5.1.9.RELEASE.jar:5.1.9.RELEASE]
	at org.springframework.web.servlet.DispatcherServlet.doService(DispatcherServlet.java:942) [spring-webmvc-5.1.9.RELEASE.jar:5.1.9.RELEASE]
	at org.springframework.web.servlet.FrameworkServlet.processRequest(FrameworkServlet.java:1005) [spring-webmvc-5.1.9.RELEASE.jar:5.1.9.RELEASE]
	at org.springframework.web.servlet.FrameworkServlet.doPost(FrameworkServlet.java:908) [spring-webmvc-5.1.9.RELEASE.jar:5.1.9.RELEASE]
	at javax.servlet.http.HttpServlet.service(HttpServlet.java:660) [tomcat-embed-core-9.0.24.jar:9.0.24]
	at org.springframework.web.servlet.FrameworkServlet.service(FrameworkServlet.java:882) [spring-webmvc-5.1.9.RELEASE.jar:5.1.9.RELEASE]
	at javax.servlet.http.HttpServlet.service(HttpServlet.java:741) [tomcat-embed-core-9.0.24.jar:9.0.24]
	at org.apache.catalina.core.ApplicationFilterChain.internalDoFilter(ApplicationFilterChain.java:231) [tomcat-embed-core-9.0.24.jar:9.0.24]
	at org.apache.catalina.core.ApplicationFilterChain.doFilter(ApplicationFilterChain.java:166) [tomcat-embed-core-9.0.24.jar:9.0.24]
	at org.apache.tomcat.websocket.server.WsFilter.doFilter(WsFilter.java:53) [tomcat-embed-websocket-9.0.24.jar:9.0.24]
	at org.apache.catalina.core.ApplicationFilterChain.internalDoFilter(ApplicationFilterChain.java:193) [tomcat-embed-core-9.0.24.jar:9.0.24]
	at org.apache.catalina.core.ApplicationFilterChain.doFilter(ApplicationFilterChain.java:166) [tomcat-embed-core-9.0.24.jar:9.0.24]
	at org.springframework.web.filter.CharacterEncodingFilter.doFilterInternal(CharacterEncodingFilter.java:200) [spring-web-5.1.9.RELEASE.jar:5.1.9.RELEASE]
	at org.springframework.web.filter.OncePerRequestFilter.doFilter(OncePerRequestFilter.java:118) [spring-web-5.1.9.RELEASE.jar:5.1.9.RELEASE]
	at org.apache.catalina.core.ApplicationFilterChain.internalDoFilter(ApplicationFilterChain.java:193) [tomcat-embed-core-9.0.24.jar:9.0.24]
	at org.apache.catalina.core.ApplicationFilterChain.doFilter(ApplicationFilterChain.java:166) [tomcat-embed-core-9.0.24.jar:9.0.24]
	at org.apache.catalina.core.StandardWrapperValve.invoke(StandardWrapperValve.java:202) [tomcat-embed-core-9.0.24.jar:9.0.24]
	at org.apache.catalina.core.StandardContextValve.invoke(StandardContextValve.java:96) [tomcat-embed-core-9.0.24.jar:9.0.24]
	at org.apache.catalina.authenticator.AuthenticatorBase.invoke(AuthenticatorBase.java:526) [tomcat-embed-core-9.0.24.jar:9.0.24]
	at org.apache.catalina.core.StandardHostValve.invoke(StandardHostValve.java:139) [tomcat-embed-core-9.0.24.jar:9.0.24]
	at org.apache.catalina.valves.ErrorReportValve.invoke(ErrorReportValve.java:92) [tomcat-embed-core-9.0.24.jar:9.0.24]
	at org.apache.catalina.core.StandardEngineValve.invoke(StandardEngineValve.java:74) [tomcat-embed-core-9.0.24.jar:9.0.24]
	at org.apache.catalina.connector.CoyoteAdapter.service(CoyoteAdapter.java:343) [tomcat-embed-core-9.0.24.jar:9.0.24]
	at org.apache.coyote.http11.Http11Processor.service(Http11Processor.java:408) [tomcat-embed-core-9.0.24.jar:9.0.24]
	at org.apache.coyote.AbstractProcessorLight.process(AbstractProcessorLight.java:66) [tomcat-embed-core-9.0.24.jar:9.0.24]
	at org.apache.coyote.AbstractProtocol$ConnectionHandler.process(AbstractProtocol.java:860) [tomcat-embed-core-9.0.24.jar:9.0.24]
	at org.apache.tomcat.util.net.NioEndpoint$SocketProcessor.doRun(NioEndpoint.java:1587) [tomcat-embed-core-9.0.24.jar:9.0.24]
	at org.apache.tomcat.util.net.SocketProcessorBase.run(SocketProcessorBase.java:49) [tomcat-embed-core-9.0.24.jar:9.0.24]
	at java.util.concurrent.ThreadPoolExecutor.runWorker(ThreadPoolExecutor.java:1149) [?:1.8.0_181]
	at java.util.concurrent.ThreadPoolExecutor$Worker.run(ThreadPoolExecutor.java:624) [?:1.8.0_181]
	at org.apache.tomcat.util.threads.TaskThread$WrappingRunnable.run(TaskThread.java:61) [tomcat-embed-core-9.0.24.jar:9.0.24]
	at java.lang.Thread.run(Thread.java:748) [?:1.8.0_181]
09:53:19.162 [http-nio-8002-exec-3] ERROR com.thtf.common.core.exception.handler.GlobalExceptionHandler - 【BusinessException】
com.thtf.common.core.exception.BusinessException: 错误代码：50004 <br/>错误信息：Flow deploy failed！
	at com.thtf.common.core.exception.ExceptionCast.cast(ExceptionCast.java:18) ~[classes/:?]
	at com.thtf.flowable.service.impl.FlowableModelServiceImpl.deployModel(FlowableModelServiceImpl.java:160) ~[classes/:?]
	at FlowableProcessModelController.deploy(FlowableModelController.java:47) ~[classes/:?]
	at sun.reflect.NativeMethodAccessorImpl.invoke0(Native Method) ~[?:1.8.0_181]
	at sun.reflect.NativeMethodAccessorImpl.invoke(NativeMethodAccessorImpl.java:62) ~[?:1.8.0_181]
	at sun.reflect.DelegatingMethodAccessorImpl.invoke(DelegatingMethodAccessorImpl.java:43) ~[?:1.8.0_181]
	at java.lang.reflect.Method.invoke(Method.java:498) ~[?:1.8.0_181]
	at org.springframework.web.method.support.InvocableHandlerMethod.doInvoke(InvocableHandlerMethod.java:190) ~[spring-web-5.1.9.RELEASE.jar:5.1.9.RELEASE]
	at org.springframework.web.method.support.InvocableHandlerMethod.invokeForRequest(InvocableHandlerMethod.java:138) ~[spring-web-5.1.9.RELEASE.jar:5.1.9.RELEASE]
	at org.springframework.web.servlet.mvc.method.annotation.ServletInvocableHandlerMethod.invokeAndHandle(ServletInvocableHandlerMethod.java:104) ~[spring-webmvc-5.1.9.RELEASE.jar:5.1.9.RELEASE]
	at org.springframework.web.servlet.mvc.method.annotation.RequestMappingHandlerAdapter.invokeHandlerMethod(RequestMappingHandlerAdapter.java:892) ~[spring-webmvc-5.1.9.RELEASE.jar:5.1.9.RELEASE]
	at org.springframework.web.servlet.mvc.method.annotation.RequestMappingHandlerAdapter.handleInternal(RequestMappingHandlerAdapter.java:797) ~[spring-webmvc-5.1.9.RELEASE.jar:5.1.9.RELEASE]
	at org.springframework.web.servlet.mvc.method.AbstractHandlerMethodAdapter.handle(AbstractHandlerMethodAdapter.java:87) ~[spring-webmvc-5.1.9.RELEASE.jar:5.1.9.RELEASE]
	at org.springframework.web.servlet.DispatcherServlet.doDispatch(DispatcherServlet.java:1039) [spring-webmvc-5.1.9.RELEASE.jar:5.1.9.RELEASE]
	at org.springframework.web.servlet.DispatcherServlet.doService(DispatcherServlet.java:942) [spring-webmvc-5.1.9.RELEASE.jar:5.1.9.RELEASE]
	at org.springframework.web.servlet.FrameworkServlet.processRequest(FrameworkServlet.java:1005) [spring-webmvc-5.1.9.RELEASE.jar:5.1.9.RELEASE]
	at org.springframework.web.servlet.FrameworkServlet.doPost(FrameworkServlet.java:908) [spring-webmvc-5.1.9.RELEASE.jar:5.1.9.RELEASE]
	at javax.servlet.http.HttpServlet.service(HttpServlet.java:660) [tomcat-embed-core-9.0.24.jar:9.0.24]
	at org.springframework.web.servlet.FrameworkServlet.service(FrameworkServlet.java:882) [spring-webmvc-5.1.9.RELEASE.jar:5.1.9.RELEASE]
	at javax.servlet.http.HttpServlet.service(HttpServlet.java:741) [tomcat-embed-core-9.0.24.jar:9.0.24]
	at org.apache.catalina.core.ApplicationFilterChain.internalDoFilter(ApplicationFilterChain.java:231) [tomcat-embed-core-9.0.24.jar:9.0.24]
	at org.apache.catalina.core.ApplicationFilterChain.doFilter(ApplicationFilterChain.java:166) [tomcat-embed-core-9.0.24.jar:9.0.24]
	at org.apache.tomcat.websocket.server.WsFilter.doFilter(WsFilter.java:53) [tomcat-embed-websocket-9.0.24.jar:9.0.24]
	at org.apache.catalina.core.ApplicationFilterChain.internalDoFilter(ApplicationFilterChain.java:193) [tomcat-embed-core-9.0.24.jar:9.0.24]
	at org.apache.catalina.core.ApplicationFilterChain.doFilter(ApplicationFilterChain.java:166) [tomcat-embed-core-9.0.24.jar:9.0.24]
	at org.springframework.web.filter.CharacterEncodingFilter.doFilterInternal(CharacterEncodingFilter.java:200) [spring-web-5.1.9.RELEASE.jar:5.1.9.RELEASE]
	at org.springframework.web.filter.OncePerRequestFilter.doFilter(OncePerRequestFilter.java:118) [spring-web-5.1.9.RELEASE.jar:5.1.9.RELEASE]
	at org.apache.catalina.core.ApplicationFilterChain.internalDoFilter(ApplicationFilterChain.java:193) [tomcat-embed-core-9.0.24.jar:9.0.24]
	at org.apache.catalina.core.ApplicationFilterChain.doFilter(ApplicationFilterChain.java:166) [tomcat-embed-core-9.0.24.jar:9.0.24]
	at org.apache.catalina.core.StandardWrapperValve.invoke(StandardWrapperValve.java:202) [tomcat-embed-core-9.0.24.jar:9.0.24]
	at org.apache.catalina.core.StandardContextValve.invoke(StandardContextValve.java:96) [tomcat-embed-core-9.0.24.jar:9.0.24]
	at org.apache.catalina.authenticator.AuthenticatorBase.invoke(AuthenticatorBase.java:526) [tomcat-embed-core-9.0.24.jar:9.0.24]
	at org.apache.catalina.core.StandardHostValve.invoke(StandardHostValve.java:139) [tomcat-embed-core-9.0.24.jar:9.0.24]
	at org.apache.catalina.valves.ErrorReportValve.invoke(ErrorReportValve.java:92) [tomcat-embed-core-9.0.24.jar:9.0.24]
	at org.apache.catalina.core.StandardEngineValve.invoke(StandardEngineValve.java:74) [tomcat-embed-core-9.0.24.jar:9.0.24]
	at org.apache.catalina.connector.CoyoteAdapter.service(CoyoteAdapter.java:343) [tomcat-embed-core-9.0.24.jar:9.0.24]
	at org.apache.coyote.http11.Http11Processor.service(Http11Processor.java:408) [tomcat-embed-core-9.0.24.jar:9.0.24]
	at org.apache.coyote.AbstractProcessorLight.process(AbstractProcessorLight.java:66) [tomcat-embed-core-9.0.24.jar:9.0.24]
	at org.apache.coyote.AbstractProtocol$ConnectionHandler.process(AbstractProtocol.java:860) [tomcat-embed-core-9.0.24.jar:9.0.24]
	at org.apache.tomcat.util.net.NioEndpoint$SocketProcessor.doRun(NioEndpoint.java:1587) [tomcat-embed-core-9.0.24.jar:9.0.24]
	at org.apache.tomcat.util.net.SocketProcessorBase.run(SocketProcessorBase.java:49) [tomcat-embed-core-9.0.24.jar:9.0.24]
	at java.util.concurrent.ThreadPoolExecutor.runWorker(ThreadPoolExecutor.java:1149) [?:1.8.0_181]
	at java.util.concurrent.ThreadPoolExecutor$Worker.run(ThreadPoolExecutor.java:624) [?:1.8.0_181]
	at org.apache.tomcat.util.threads.TaskThread$WrappingRunnable.run(TaskThread.java:61) [tomcat-embed-core-9.0.24.jar:9.0.24]
	at java.lang.Thread.run(Thread.java:748) [?:1.8.0_181]
