17:40:13.137 [main] INFO  com.thtf.flowable.FlowableApplication - Starting FlowableApplication on PC-202007060852 with PID 11816 (C:\Users\Administrator\Desktop\thtf-admin\thtf-projects\thtf-flowable\target\classes started by Administrator in C:\Users\Administrator\Desktop\thtf-admin)
17:40:13.155 [main] INFO  com.thtf.flowable.FlowableApplication - The following profiles are active: dev
17:40:14.039 [main] INFO  com.ulisesbocchio.jasyptspringboot.configuration.EnableEncryptablePropertiesBeanFactoryPostProcessor - Post-processing PropertySource instances
17:40:14.077 [main] INFO  com.ulisesbocchio.jasyptspringboot.EncryptablePropertySourceConverter - Converting PropertySource configurationProperties [org.springframework.boot.context.properties.source.ConfigurationPropertySourcesPropertySource] to AOP Proxy
17:40:14.078 [main] INFO  com.ulisesbocchio.jasyptspringboot.EncryptablePropertySourceConverter - Converting PropertySource commandLineArgs [org.springframework.core.env.SimpleCommandLinePropertySource] to EncryptableEnumerablePropertySourceWrapper
17:40:14.078 [main] INFO  com.ulisesbocchio.jasyptspringboot.EncryptablePropertySourceConverter - Converting PropertySource servletConfigInitParams [org.springframework.core.env.PropertySource$StubPropertySource] to EncryptablePropertySourceWrapper
17:40:14.078 [main] INFO  com.ulisesbocchio.jasyptspringboot.EncryptablePropertySourceConverter - Converting PropertySource servletContextInitParams [org.springframework.core.env.PropertySource$StubPropertySource] to EncryptablePropertySourceWrapper
17:40:14.079 [main] INFO  com.ulisesbocchio.jasyptspringboot.EncryptablePropertySourceConverter - Converting PropertySource systemProperties [org.springframework.core.env.PropertiesPropertySource] to EncryptableMapPropertySourceWrapper
17:40:14.079 [main] INFO  com.ulisesbocchio.jasyptspringboot.EncryptablePropertySourceConverter - Converting PropertySource systemEnvironment [org.springframework.boot.env.SystemEnvironmentPropertySourceEnvironmentPostProcessor$OriginAwareSystemEnvironmentPropertySource] to EncryptableMapPropertySourceWrapper
17:40:14.079 [main] INFO  com.ulisesbocchio.jasyptspringboot.EncryptablePropertySourceConverter - Converting PropertySource random [org.springframework.boot.env.RandomValuePropertySource] to EncryptablePropertySourceWrapper
17:40:14.079 [main] INFO  com.ulisesbocchio.jasyptspringboot.EncryptablePropertySourceConverter - Converting PropertySource applicationConfig: [classpath:/application-dev.yml] [org.springframework.boot.env.OriginTrackedMapPropertySource] to EncryptableMapPropertySourceWrapper
17:40:14.079 [main] INFO  com.ulisesbocchio.jasyptspringboot.EncryptablePropertySourceConverter - Converting PropertySource applicationConfig: [classpath:/application.yml] [org.springframework.boot.env.OriginTrackedMapPropertySource] to EncryptableMapPropertySourceWrapper
17:40:14.079 [main] INFO  com.ulisesbocchio.jasyptspringboot.EncryptablePropertySourceConverter - Converting PropertySource flowable-liquibase-override [org.springframework.core.env.MapPropertySource] to EncryptableMapPropertySourceWrapper
17:40:14.079 [main] INFO  com.ulisesbocchio.jasyptspringboot.EncryptablePropertySourceConverter - Converting PropertySource class path resource [jwt.properties] [org.springframework.core.io.support.ResourcePropertySource] to EncryptableMapPropertySourceWrapper
17:40:14.107 [main] INFO  com.ulisesbocchio.jasyptspringboot.filter.DefaultLazyPropertyFilter - Property Filter custom Bean not found with name 'encryptablePropertyFilter'. Initializing Default Property Filter
17:40:14.212 [main] INFO  com.ulisesbocchio.jasyptspringboot.resolver.DefaultLazyPropertyResolver - Property Resolver custom Bean not found with name 'encryptablePropertyResolver'. Initializing Default Property Resolver
17:40:14.213 [main] INFO  com.ulisesbocchio.jasyptspringboot.detector.DefaultLazyPropertyDetector - Property Detector custom Bean not found with name 'encryptablePropertyDetector'. Initializing Default Property Detector
17:40:14.379 [main] INFO  org.apache.coyote.http11.Http11NioProtocol - Initializing ProtocolHandler ["http-nio-8002"]
17:40:14.386 [main] INFO  org.apache.catalina.core.StandardService - Starting service [Tomcat]
17:40:14.386 [main] INFO  org.apache.catalina.core.StandardEngine - Starting Servlet engine: [Apache Tomcat/9.0.24]
17:40:14.476 [main] INFO  org.apache.catalina.core.ContainerBase.[Tomcat].[localhost].[/flowable-manager] - Initializing Spring embedded WebApplicationContext
17:40:14.587 [main] INFO  com.alibaba.druid.spring.boot.autoconfigure.DruidDataSourceAutoConfigure - Init DruidDataSource
17:40:14.685 [main] INFO  com.alibaba.druid.pool.DruidDataSource - {dataSource-1} inited
17:40:15.692 [main] INFO  liquibase.executor.jvm.JdbcExecutor - SELECT COUNT(*) FROM `thtf-flowable-db`.ACT_DE_DATABASECHANGELOGLOCK
17:40:15.698 [main] INFO  liquibase.executor.jvm.JdbcExecutor - SELECT COUNT(*) FROM `thtf-flowable-db`.ACT_DE_DATABASECHANGELOGLOCK
17:40:15.699 [main] INFO  liquibase.executor.jvm.JdbcExecutor - SELECT `LOCKED` FROM `thtf-flowable-db`.ACT_DE_DATABASECHANGELOGLOCK WHERE ID=1
17:40:15.729 [main] INFO  liquibase.lockservice.StandardLockService - Successfully acquired change log lock
17:40:16.261 [main] INFO  liquibase.executor.jvm.JdbcExecutor - SELECT MD5SUM FROM `thtf-flowable-db`.ACT_DE_DATABASECHANGELOG WHERE MD5SUM IS NOT NULL LIMIT 1
17:40:16.262 [main] INFO  liquibase.executor.jvm.JdbcExecutor - SELECT COUNT(*) FROM `thtf-flowable-db`.ACT_DE_DATABASECHANGELOG
17:40:16.262 [main] INFO  liquibase.changelog.StandardChangeLogHistoryService - Reading from `thtf-flowable-db`.ACT_DE_DATABASECHANGELOG
17:40:16.263 [main] INFO  liquibase.executor.jvm.JdbcExecutor - SELECT * FROM `thtf-flowable-db`.ACT_DE_DATABASECHANGELOG ORDER BY DATEEXECUTED ASC, ORDEREXECUTED ASC
17:40:16.315 [main] INFO  liquibase.lockservice.StandardLockService - Successfully released change log lock
17:40:16.397 [main] INFO  springfox.documentation.spring.web.PropertySourcedRequestMappingHandlerMapping - Mapped URL path [/v2/api-docs] onto method [public org.springframework.http.ResponseEntity<springfox.documentation.spring.web.json.Json> springfox.documentation.swagger2.web.Swagger2Controller.getDocumentation(java.lang.String,javax.servlet.http.HttpServletRequest)]
17:40:16.491 [main] INFO  org.flowable.spring.boot.app.AppEngineAutoConfiguration$$EnhancerBySpringCGLIB$$10e34738 - No deployment resources were found for autodeployment
17:40:16.644 [main] INFO  org.flowable.spring.boot.cmmn.CmmnEngineAutoConfiguration$$EnhancerBySpringCGLIB$$617a4f7e - No deployment resources were found for autodeployment
17:40:16.702 [main] INFO  org.flowable.spring.boot.dmn.DmnEngineAutoConfiguration$$EnhancerBySpringCGLIB$$b8fb9170 - No deployment resources were found for autodeployment
17:40:16.728 [main] INFO  org.flowable.spring.boot.form.FormEngineAutoConfiguration$$EnhancerBySpringCGLIB$$fd210bde - No deployment resources were found for autodeployment
17:40:16.749 [main] INFO  org.flowable.app.spring.SpringAppEngineConfiguration - Found 6 Engine Configurators in total:
17:40:16.749 [main] INFO  org.flowable.app.spring.SpringAppEngineConfiguration - class org.flowable.engine.spring.configurator.SpringProcessEngineConfigurator (priority:50000)
17:40:16.749 [main] INFO  org.flowable.app.spring.SpringAppEngineConfiguration - class org.flowable.idm.spring.configurator.SpringIdmEngineConfigurator (priority:100000)
17:40:16.749 [main] INFO  org.flowable.app.spring.SpringAppEngineConfiguration - class org.flowable.dmn.spring.configurator.SpringDmnEngineConfigurator (priority:200000)
17:40:16.749 [main] INFO  org.flowable.app.spring.SpringAppEngineConfiguration - class org.flowable.form.spring.configurator.SpringFormEngineConfigurator (priority:300000)
17:40:16.749 [main] INFO  org.flowable.app.spring.SpringAppEngineConfiguration - class org.flowable.content.spring.configurator.SpringContentEngineConfigurator (priority:400000)
17:40:16.749 [main] INFO  org.flowable.app.spring.SpringAppEngineConfiguration - class org.flowable.cmmn.spring.configurator.SpringCmmnEngineConfigurator (priority:500000)
17:40:16.750 [main] INFO  org.flowable.app.spring.SpringAppEngineConfiguration - Executing beforeInit() of class org.flowable.engine.spring.configurator.SpringProcessEngineConfigurator (priority:50000)
17:40:16.753 [main] INFO  org.flowable.app.spring.SpringAppEngineConfiguration - Executing beforeInit() of class org.flowable.idm.spring.configurator.SpringIdmEngineConfigurator (priority:100000)
17:40:16.754 [main] INFO  org.flowable.app.spring.SpringAppEngineConfiguration - Executing beforeInit() of class org.flowable.dmn.spring.configurator.SpringDmnEngineConfigurator (priority:200000)
17:40:16.756 [main] INFO  org.flowable.app.spring.SpringAppEngineConfiguration - Executing beforeInit() of class org.flowable.form.spring.configurator.SpringFormEngineConfigurator (priority:300000)
17:40:16.758 [main] INFO  org.flowable.app.spring.SpringAppEngineConfiguration - Executing beforeInit() of class org.flowable.content.spring.configurator.SpringContentEngineConfigurator (priority:400000)
17:40:16.759 [main] INFO  org.flowable.app.spring.SpringAppEngineConfiguration - Executing beforeInit() of class org.flowable.cmmn.spring.configurator.SpringCmmnEngineConfigurator (priority:500000)
17:40:17.623 [main] INFO  org.flowable.app.spring.SpringAppEngineConfiguration - Executing configure() of class org.flowable.engine.spring.configurator.SpringProcessEngineConfigurator (priority:50000)
17:40:17.770 [main] INFO  org.flowable.engine.impl.ProcessEngineImpl - ProcessEngine default created
17:40:17.774 [main] INFO  org.flowable.job.service.impl.asyncexecutor.AbstractAsyncExecutor - Starting up the async job executor [org.flowable.spring.job.service.SpringAsyncExecutor].
17:40:17.776 [Thread-12] INFO  org.flowable.job.service.impl.asyncexecutor.AcquireAsyncJobsDueRunnable - starting to acquire async jobs due
17:40:17.776 [Thread-13] INFO  org.flowable.job.service.impl.asyncexecutor.AcquireTimerJobsRunnable - starting to acquire async jobs due
17:40:17.776 [Thread-14] INFO  org.flowable.job.service.impl.asyncexecutor.ResetExpiredJobsRunnable - starting to reset expired jobs for engine bpmn
17:40:17.799 [main] INFO  org.flowable.engine.impl.cmd.ValidateV5EntitiesCmd - Total of v5 deployments found: 0
17:40:17.805 [main] INFO  org.flowable.app.spring.SpringAppEngineConfiguration - Executing configure() of class org.flowable.idm.spring.configurator.SpringIdmEngineConfigurator (priority:100000)
17:40:17.821 [main] INFO  org.flowable.idm.engine.impl.IdmEngineImpl - IdmEngine default created
17:40:17.822 [main] INFO  org.flowable.app.spring.SpringAppEngineConfiguration - Executing configure() of class org.flowable.dmn.spring.configurator.SpringDmnEngineConfigurator (priority:200000)
17:40:17.861 [main] INFO  liquibase.executor.jvm.JdbcExecutor - SELECT COUNT(*) FROM `thtf-flowable-db`.ACT_DMN_DATABASECHANGELOG
17:40:17.861 [main] INFO  liquibase.changelog.StandardChangeLogHistoryService - Reading from `thtf-flowable-db`.ACT_DMN_DATABASECHANGELOG
17:40:17.861 [main] INFO  liquibase.executor.jvm.JdbcExecutor - SELECT * FROM `thtf-flowable-db`.ACT_DMN_DATABASECHANGELOG ORDER BY DATEEXECUTED ASC, ORDEREXECUTED ASC
17:40:17.870 [main] INFO  org.flowable.dmn.engine.impl.DmnEngineImpl - DmnEngine default created
17:40:17.871 [main] INFO  org.flowable.app.spring.SpringAppEngineConfiguration - Executing configure() of class org.flowable.form.spring.configurator.SpringFormEngineConfigurator (priority:300000)
17:40:17.901 [main] INFO  liquibase.executor.jvm.JdbcExecutor - SELECT COUNT(*) FROM `thtf-flowable-db`.ACT_FO_DATABASECHANGELOG
17:40:17.902 [main] INFO  liquibase.changelog.StandardChangeLogHistoryService - Reading from `thtf-flowable-db`.ACT_FO_DATABASECHANGELOG
17:40:17.902 [main] INFO  liquibase.executor.jvm.JdbcExecutor - SELECT * FROM `thtf-flowable-db`.ACT_FO_DATABASECHANGELOG ORDER BY DATEEXECUTED ASC, ORDEREXECUTED ASC
17:40:17.908 [main] INFO  org.flowable.form.engine.impl.FormEngineImpl - FormEngine default created
17:40:17.909 [main] INFO  org.flowable.app.spring.SpringAppEngineConfiguration - Executing configure() of class org.flowable.content.spring.configurator.SpringContentEngineConfigurator (priority:400000)
17:40:17.912 [main] INFO  org.flowable.content.spring.SpringContentEngineConfiguration - Content file system root : C:\Users\Administrator\content
17:40:17.936 [main] INFO  liquibase.executor.jvm.JdbcExecutor - SELECT COUNT(*) FROM `thtf-flowable-db`.ACT_CO_DATABASECHANGELOG
17:40:17.936 [main] INFO  liquibase.changelog.StandardChangeLogHistoryService - Reading from `thtf-flowable-db`.ACT_CO_DATABASECHANGELOG
17:40:17.937 [main] INFO  liquibase.executor.jvm.JdbcExecutor - SELECT * FROM `thtf-flowable-db`.ACT_CO_DATABASECHANGELOG ORDER BY DATEEXECUTED ASC, ORDEREXECUTED ASC
17:40:17.941 [main] INFO  org.flowable.content.engine.impl.ContentEngineImpl - ContentEngine default created
17:40:17.942 [main] INFO  org.flowable.app.spring.SpringAppEngineConfiguration - Executing configure() of class org.flowable.cmmn.spring.configurator.SpringCmmnEngineConfigurator (priority:500000)
17:40:18.005 [main] INFO  liquibase.executor.jvm.JdbcExecutor - SELECT COUNT(*) FROM `thtf-flowable-db`.ACT_CMMN_DATABASECHANGELOG
17:40:18.006 [main] INFO  liquibase.changelog.StandardChangeLogHistoryService - Reading from `thtf-flowable-db`.ACT_CMMN_DATABASECHANGELOG
17:40:18.006 [main] INFO  liquibase.executor.jvm.JdbcExecutor - SELECT * FROM `thtf-flowable-db`.ACT_CMMN_DATABASECHANGELOG ORDER BY DATEEXECUTED ASC, ORDEREXECUTED ASC
17:40:18.025 [main] INFO  org.flowable.job.service.impl.asyncexecutor.AbstractAsyncExecutor - Starting up the async job executor [org.flowable.spring.job.service.SpringAsyncExecutor].
17:40:18.025 [main] INFO  org.flowable.cmmn.engine.impl.CmmnEngineImpl - CmmnEngine default created
17:40:18.025 [Thread-15] INFO  org.flowable.job.service.impl.asyncexecutor.AcquireAsyncJobsDueRunnable - starting to acquire async jobs due
17:40:18.025 [Thread-17] INFO  org.flowable.job.service.impl.asyncexecutor.ResetExpiredJobsRunnable - starting to reset expired jobs for engine cmmn
17:40:18.025 [Thread-16] INFO  org.flowable.job.service.impl.asyncexecutor.AcquireTimerJobsRunnable - starting to acquire async jobs due
17:40:18.040 [main] INFO  liquibase.executor.jvm.JdbcExecutor - SELECT COUNT(*) FROM `thtf-flowable-db`.ACT_APP_DATABASECHANGELOG
17:40:18.041 [main] INFO  liquibase.changelog.StandardChangeLogHistoryService - Reading from `thtf-flowable-db`.ACT_APP_DATABASECHANGELOG
17:40:18.041 [main] INFO  liquibase.executor.jvm.JdbcExecutor - SELECT * FROM `thtf-flowable-db`.ACT_APP_DATABASECHANGELOG ORDER BY DATEEXECUTED ASC, ORDEREXECUTED ASC
17:40:18.045 [main] INFO  org.flowable.app.engine.impl.AppEngineImpl - AppEngine default created
17:40:18.184 [main] INFO  springfox.documentation.spring.web.plugins.DocumentationPluginsBootstrapper - Context refreshed
17:40:18.192 [main] INFO  springfox.documentation.spring.web.plugins.DocumentationPluginsBootstrapper - Found 1 custom documentation plugin(s)
17:40:18.255 [main] INFO  springfox.documentation.spring.web.scanners.ApiListingReferenceScanner - Scanning for api listing references
17:40:18.359 [main] INFO  org.apache.coyote.http11.Http11NioProtocol - Starting ProtocolHandler ["http-nio-8002"]
17:40:18.379 [main] INFO  com.thtf.flowable.FlowableApplication - Started FlowableApplication in 5.691 seconds (JVM running for 6.278)
17:40:25.132 [http-nio-8002-exec-1] INFO  org.apache.catalina.core.ContainerBase.[Tomcat].[localhost].[/flowable-manager] - Initializing Spring DispatcherServlet 'dispatcherServlet'
17:40:32.986 [http-nio-8002-exec-7] INFO  com.thtf.flowable.service.impl.FlowableManagerServiceImpl - Import success:请假流程
17:40:37.255 [http-nio-8002-exec-10] INFO  com.thtf.flowable.service.impl.FlowableManagerServiceImpl - Import success:请假流程
17:40:38.674 [http-nio-8002-exec-9] INFO  com.thtf.flowable.service.impl.FlowableManagerServiceImpl - Import success:请假流程
17:40:40.084 [http-nio-8002-exec-1] INFO  com.thtf.flowable.service.impl.FlowableManagerServiceImpl - Import success:请假流程
17:40:41.661 [http-nio-8002-exec-2] INFO  com.thtf.flowable.service.impl.FlowableManagerServiceImpl - Import success:请假流程
17:40:43.679 [http-nio-8002-exec-5] INFO  com.thtf.flowable.service.impl.FlowableManagerServiceImpl - Import success:请假流程
17:41:48.487 [http-nio-8002-exec-8] ERROR com.thtf.common.core.exception.handler.GlobalExceptionHandler - 【RuntimeException】
org.apache.ibatis.binding.BindingException: Invalid bound statement (not found): com.thtf.flowable.mapper.FlowMapper.selectPage
	at org.apache.ibatis.binding.MapperMethod$SqlCommand.<init>(MapperMethod.java:227) ~[mybatis-3.4.6.jar:3.4.6]
	at org.apache.ibatis.binding.MapperMethod.<init>(MapperMethod.java:49) ~[mybatis-3.4.6.jar:3.4.6]
	at org.apache.ibatis.binding.MapperProxy.cachedMapperMethod(MapperProxy.java:65) ~[mybatis-3.4.6.jar:3.4.6]
	at org.apache.ibatis.binding.MapperProxy.invoke(MapperProxy.java:58) ~[mybatis-3.4.6.jar:3.4.6]
	at com.sun.proxy.$Proxy112.selectPage(Unknown Source) ~[?:?]
	at com.thtf.flowable.service.impl.FlowableManagerServiceImpl.listPage(FlowableManagerServiceImpl.java:137) ~[classes/:?]
	at com.thtf.flowable.controller.FlowableManagerController.list(FlowableManagerController.java:51) ~[classes/:?]
	at sun.reflect.NativeMethodAccessorImpl.invoke0(Native Method) ~[?:1.8.0_181]
	at sun.reflect.NativeMethodAccessorImpl.invoke(NativeMethodAccessorImpl.java:62) ~[?:1.8.0_181]
	at sun.reflect.DelegatingMethodAccessorImpl.invoke(DelegatingMethodAccessorImpl.java:43) ~[?:1.8.0_181]
	at java.lang.reflect.Method.invoke(Method.java:498) ~[?:1.8.0_181]
	at org.springframework.web.method.support.InvocableHandlerMethod.doInvoke(InvocableHandlerMethod.java:190) ~[spring-web-5.1.9.RELEASE.jar:5.1.9.RELEASE]
	at org.springframework.web.method.support.InvocableHandlerMethod.invokeForRequest(InvocableHandlerMethod.java:138) ~[spring-web-5.1.9.RELEASE.jar:5.1.9.RELEASE]
	at org.springframework.web.servlet.mvc.method.annotation.ServletInvocableHandlerMethod.invokeAndHandle(ServletInvocableHandlerMethod.java:104) ~[spring-webmvc-5.1.9.RELEASE.jar:5.1.9.RELEASE]
	at org.springframework.web.servlet.mvc.method.annotation.RequestMappingHandlerAdapter.invokeHandlerMethod(RequestMappingHandlerAdapter.java:892) ~[spring-webmvc-5.1.9.RELEASE.jar:5.1.9.RELEASE]
	at org.springframework.web.servlet.mvc.method.annotation.RequestMappingHandlerAdapter.handleInternal(RequestMappingHandlerAdapter.java:797) ~[spring-webmvc-5.1.9.RELEASE.jar:5.1.9.RELEASE]
	at org.springframework.web.servlet.mvc.method.AbstractHandlerMethodAdapter.handle(AbstractHandlerMethodAdapter.java:87) ~[spring-webmvc-5.1.9.RELEASE.jar:5.1.9.RELEASE]
	at org.springframework.web.servlet.DispatcherServlet.doDispatch(DispatcherServlet.java:1039) [spring-webmvc-5.1.9.RELEASE.jar:5.1.9.RELEASE]
	at org.springframework.web.servlet.DispatcherServlet.doService(DispatcherServlet.java:942) [spring-webmvc-5.1.9.RELEASE.jar:5.1.9.RELEASE]
	at org.springframework.web.servlet.FrameworkServlet.processRequest(FrameworkServlet.java:1005) [spring-webmvc-5.1.9.RELEASE.jar:5.1.9.RELEASE]
	at org.springframework.web.servlet.FrameworkServlet.doGet(FrameworkServlet.java:897) [spring-webmvc-5.1.9.RELEASE.jar:5.1.9.RELEASE]
	at javax.servlet.http.HttpServlet.service(HttpServlet.java:634) [tomcat-embed-core-9.0.24.jar:9.0.24]
	at org.springframework.web.servlet.FrameworkServlet.service(FrameworkServlet.java:882) [spring-webmvc-5.1.9.RELEASE.jar:5.1.9.RELEASE]
	at javax.servlet.http.HttpServlet.service(HttpServlet.java:741) [tomcat-embed-core-9.0.24.jar:9.0.24]
	at org.apache.catalina.core.ApplicationFilterChain.internalDoFilter(ApplicationFilterChain.java:231) [tomcat-embed-core-9.0.24.jar:9.0.24]
	at org.apache.catalina.core.ApplicationFilterChain.doFilter(ApplicationFilterChain.java:166) [tomcat-embed-core-9.0.24.jar:9.0.24]
	at org.apache.tomcat.websocket.server.WsFilter.doFilter(WsFilter.java:53) [tomcat-embed-websocket-9.0.24.jar:9.0.24]
	at org.apache.catalina.core.ApplicationFilterChain.internalDoFilter(ApplicationFilterChain.java:193) [tomcat-embed-core-9.0.24.jar:9.0.24]
	at org.apache.catalina.core.ApplicationFilterChain.doFilter(ApplicationFilterChain.java:166) [tomcat-embed-core-9.0.24.jar:9.0.24]
	at com.alibaba.druid.support.http.WebStatFilter.doFilter(WebStatFilter.java:123) [druid-1.1.9.jar:1.1.9]
	at org.apache.catalina.core.ApplicationFilterChain.internalDoFilter(ApplicationFilterChain.java:193) [tomcat-embed-core-9.0.24.jar:9.0.24]
	at org.apache.catalina.core.ApplicationFilterChain.doFilter(ApplicationFilterChain.java:166) [tomcat-embed-core-9.0.24.jar:9.0.24]
	at org.springframework.web.filter.CharacterEncodingFilter.doFilterInternal(CharacterEncodingFilter.java:200) [spring-web-5.1.9.RELEASE.jar:5.1.9.RELEASE]
	at org.springframework.web.filter.OncePerRequestFilter.doFilter(OncePerRequestFilter.java:118) [spring-web-5.1.9.RELEASE.jar:5.1.9.RELEASE]
	at org.apache.catalina.core.ApplicationFilterChain.internalDoFilter(ApplicationFilterChain.java:193) [tomcat-embed-core-9.0.24.jar:9.0.24]
	at org.apache.catalina.core.ApplicationFilterChain.doFilter(ApplicationFilterChain.java:166) [tomcat-embed-core-9.0.24.jar:9.0.24]
	at org.apache.catalina.core.StandardWrapperValve.invoke(StandardWrapperValve.java:202) [tomcat-embed-core-9.0.24.jar:9.0.24]
	at org.apache.catalina.core.StandardContextValve.invoke(StandardContextValve.java:96) [tomcat-embed-core-9.0.24.jar:9.0.24]
	at org.apache.catalina.authenticator.AuthenticatorBase.invoke(AuthenticatorBase.java:526) [tomcat-embed-core-9.0.24.jar:9.0.24]
	at org.apache.catalina.core.StandardHostValve.invoke(StandardHostValve.java:139) [tomcat-embed-core-9.0.24.jar:9.0.24]
	at org.apache.catalina.valves.ErrorReportValve.invoke(ErrorReportValve.java:92) [tomcat-embed-core-9.0.24.jar:9.0.24]
	at org.apache.catalina.core.StandardEngineValve.invoke(StandardEngineValve.java:74) [tomcat-embed-core-9.0.24.jar:9.0.24]
	at org.apache.catalina.connector.CoyoteAdapter.service(CoyoteAdapter.java:343) [tomcat-embed-core-9.0.24.jar:9.0.24]
	at org.apache.coyote.http11.Http11Processor.service(Http11Processor.java:408) [tomcat-embed-core-9.0.24.jar:9.0.24]
	at org.apache.coyote.AbstractProcessorLight.process(AbstractProcessorLight.java:66) [tomcat-embed-core-9.0.24.jar:9.0.24]
	at org.apache.coyote.AbstractProtocol$ConnectionHandler.process(AbstractProtocol.java:860) [tomcat-embed-core-9.0.24.jar:9.0.24]
	at org.apache.tomcat.util.net.NioEndpoint$SocketProcessor.doRun(NioEndpoint.java:1587) [tomcat-embed-core-9.0.24.jar:9.0.24]
	at org.apache.tomcat.util.net.SocketProcessorBase.run(SocketProcessorBase.java:49) [tomcat-embed-core-9.0.24.jar:9.0.24]
	at java.util.concurrent.ThreadPoolExecutor.runWorker(ThreadPoolExecutor.java:1149) [?:1.8.0_181]
	at java.util.concurrent.ThreadPoolExecutor$Worker.run(ThreadPoolExecutor.java:624) [?:1.8.0_181]
	at org.apache.tomcat.util.threads.TaskThread$WrappingRunnable.run(TaskThread.java:61) [tomcat-embed-core-9.0.24.jar:9.0.24]
	at java.lang.Thread.run(Thread.java:748) [?:1.8.0_181]
